The system is: Linux - 4.9.0-3-amd64 - x86_64
Compiling the Fortran compiler identification source file "CMakeFortranCompilerId.F" succeeded.
Compiler: /usr/bin/gfortran 
Build flags: 
Id flags: -v 

The output was:
0
Driving: /usr/bin/gfortran -v CMakeFortranCompilerId.F -l gfortran -l m -shared-libgcc
Using built-in specs.
COLLECT_GCC=/usr/bin/gfortran
COLLECT_LTO_WRAPPER=/usr/lib/gcc/x86_64-linux-gnu/6/lto-wrapper
Target: x86_64-linux-gnu
Configured with: ../src/configure -v --with-pkgversion='Debian 6.3.0-18+deb9u1' --with-bugurl=file:///usr/share/doc/gcc-6/README.Bugs --enable-languages=c,ada,c++,java,go,d,fortran,objc,obj-c++ --prefix=/usr --program-suffix=-6 --program-prefix=x86_64-linux-gnu- --enable-shared --enable-linker-build-id --libexecdir=/usr/lib --without-included-gettext --enable-threads=posix --libdir=/usr/lib --enable-nls --with-sysroot=/ --enable-clocale=gnu --enable-libstdcxx-debug --enable-libstdcxx-time=yes --with-default-libstdcxx-abi=new --enable-gnu-unique-object --disable-vtable-verify --enable-libmpx --enable-plugin --enable-default-pie --with-system-zlib --disable-browser-plugin --enable-java-awt=gtk --enable-gtk-cairo --with-java-home=/usr/lib/jvm/java-1.5.0-gcj-6-amd64/jre --enable-java-home --with-jvm-root-dir=/usr/lib/jvm/java-1.5.0-gcj-6-amd64 --with-jvm-jar-dir=/usr/lib/jvm-exports/java-1.5.0-gcj-6-amd64 --with-arch-directory=amd64 --with-ecj-jar=/usr/share/java/eclipse-ecj.jar --with-target-system-zlib --enable-objc-gc=auto --enable-multiarch --with-arch-32=i686 --with-abi=m64 --with-multilib-list=m32,m64,mx32 --enable-multilib --with-tune=generic --enable-checking=release --build=x86_64-linux-gnu --host=x86_64-linux-gnu --target=x86_64-linux-gnu
Thread model: posix
gcc version 6.3.0 20170516 (Debian 6.3.0-18+deb9u1) 
COLLECT_GCC_OPTIONS='-v' '-shared-libgcc' '-mtune=generic' '-march=x86-64'
 /usr/lib/gcc/x86_64-linux-gnu/6/f951 CMakeFortranCompilerId.F -ffixed-form -cpp=/tmp/cc8dTLa7.f90 -quiet -v -imultiarch x86_64-linux-gnu CMakeFortranCompilerId.F -quiet -dumpbase CMakeFortranCompilerId.F -mtune=generic -march=x86-64 -auxbase CMakeFortranCompilerId -version -fintrinsic-modules-path /usr/lib/gcc/x86_64-linux-gnu/6/finclude -o /tmp/ccRVLP5M.s
GNU Fortran (Debian 6.3.0-18+deb9u1) version 6.3.0 20170516 (x86_64-linux-gnu)
	compiled by GNU C version 6.3.0 20170516, GMP version 6.1.2, MPFR version 3.1.5, MPC version 1.0.3, isl version 0.15
GGC heuristics: --param ggc-min-expand=100 --param ggc-min-heapsize=131072
ignoring nonexistent directory "/usr/local/include/x86_64-linux-gnu"
ignoring nonexistent directory "/usr/lib/gcc/x86_64-linux-gnu/6/../../../../x86_64-linux-gnu/include"
#include "..." search starts here:
#include <...> search starts here:
 /usr/lib/gcc/x86_64-linux-gnu/6/finclude
 /usr/lib/gcc/x86_64-linux-gnu/6/include
 /usr/local/include
 /usr/lib/gcc/x86_64-linux-gnu/6/include-fixed
 /usr/include/x86_64-linux-gnu
 /usr/include
End of search list.
GNU Fortran2008 (Debian 6.3.0-18+deb9u1) version 6.3.0 20170516 (x86_64-linux-gnu)
	compiled by GNU C version 6.3.0 20170516, GMP version 6.1.2, MPFR version 3.1.5, MPC version 1.0.3, isl version 0.15
GGC heuristics: --param ggc-min-expand=100 --param ggc-min-heapsize=131072
COLLECT_GCC_OPTIONS='-v' '-shared-libgcc' '-mtune=generic' '-march=x86-64'
 as -v --64 -o /tmp/cc5jz63s.o /tmp/ccRVLP5M.s
GNU assembler version 2.28 (x86_64-linux-gnu) using BFD version (GNU Binutils for Debian) 2.28
Reading specs from /usr/lib/gcc/x86_64-linux-gnu/6/libgfortran.spec
rename spec lib to liborig
COLLECT_GCC_OPTIONS='-v' '-shared-libgcc' '-mtune=generic' '-march=x86-64'
COMPILER_PATH=/usr/lib/gcc/x86_64-linux-gnu/6/:/usr/lib/gcc/x86_64-linux-gnu/6/:/usr/lib/gcc/x86_64-linux-gnu/:/usr/lib/gcc/x86_64-linux-gnu/6/:/usr/lib/gcc/x86_64-linux-gnu/
LIBRARY_PATH=/usr/lib/gcc/x86_64-linux-gnu/6/:/usr/lib/gcc/x86_64-linux-gnu/6/../../../x86_64-linux-gnu/:/usr/lib/gcc/x86_64-linux-gnu/6/../../../../lib/:/lib/x86_64-linux-gnu/:/lib/../lib/:/usr/lib/x86_64-linux-gnu/:/usr/lib/../lib/:/usr/lib/gcc/x86_64-linux-gnu/6/../../../:/lib/:/usr/lib/
COLLECT_GCC_OPTIONS='-v' '-shared-libgcc' '-mtune=generic' '-march=x86-64'
 /usr/lib/gcc/x86_64-linux-gnu/6/collect2 -plugin /usr/lib/gcc/x86_64-linux-gnu/6/liblto_plugin.so -plugin-opt=/usr/lib/gcc/x86_64-linux-gnu/6/lto-wrapper -plugin-opt=-fresolution=/tmp/ccmxxd38.res -plugin-opt=-pass-through=-lgcc_s -plugin-opt=-pass-through=-lgcc -plugin-opt=-pass-through=-lquadmath -plugin-opt=-pass-through=-lm -plugin-opt=-pass-through=-lgcc_s -plugin-opt=-pass-through=-lgcc -plugin-opt=-pass-through=-lc -plugin-opt=-pass-through=-lgcc_s -plugin-opt=-pass-through=-lgcc --sysroot=/ --build-id --eh-frame-hdr -m elf_x86_64 --hash-style=gnu -dynamic-linker /lib64/ld-linux-x86-64.so.2 -pie /usr/lib/gcc/x86_64-linux-gnu/6/../../../x86_64-linux-gnu/Scrt1.o /usr/lib/gcc/x86_64-linux-gnu/6/../../../x86_64-linux-gnu/crti.o /usr/lib/gcc/x86_64-linux-gnu/6/crtbeginS.o -L/usr/lib/gcc/x86_64-linux-gnu/6 -L/usr/lib/gcc/x86_64-linux-gnu/6/../../../x86_64-linux-gnu -L/usr/lib/gcc/x86_64-linux-gnu/6/../../../../lib -L/lib/x86_64-linux-gnu -L/lib/../lib -L/usr/lib/x86_64-linux-gnu -L/usr/lib/../lib -L/usr/lib/gcc/x86_64-linux-gnu/6/../../.. /tmp/cc5jz63s.o -lgfortran -lm -lgcc_s -lgcc -lquadmath -lm -lgcc_s -lgcc -lc -lgcc_s -lgcc /usr/lib/gcc/x86_64-linux-gnu/6/crtendS.o /usr/lib/gcc/x86_64-linux-gnu/6/../../../x86_64-linux-gnu/crtn.o
COLLECT_GCC_OPTIONS='-v' '-shared-libgcc' '-mtune=generic' '-march=x86-64'


Compilation of the Fortran compiler identification source "CMakeFortranCompilerId.F" produced "a.out"

The Fortran compiler identification is GNU, found in "/home/gao/Documents/open-SURFEX/build/NetCDF_Fortran-prefix/src/NetCDF_Fortran-build/CMakeFiles/3.11.3/CompilerIdFortran/a.out"

Compiling the C compiler identification source file "CMakeCCompilerId.c" succeeded.
Compiler: /usr/bin/cc 
Build flags: 
Id flags:  

The output was:
0


Compilation of the C compiler identification source "CMakeCCompilerId.c" produced "a.out"

The C compiler identification is GNU, found in "/home/gao/Documents/open-SURFEX/build/NetCDF_Fortran-prefix/src/NetCDF_Fortran-build/CMakeFiles/3.11.3/CompilerIdC/a.out"

Determining if the Fortran compiler works passed with the following output:
Change Dir: /home/gao/Documents/open-SURFEX/build/NetCDF_Fortran-prefix/src/NetCDF_Fortran-build/CMakeFiles/CMakeTmp

Run Build Command:"/usr/bin/make" "cmTC_d24bf/fast"
make[3]: Entering directory '/home/gao/Documents/open-SURFEX/build/NetCDF_Fortran-prefix/src/NetCDF_Fortran-build/CMakeFiles/CMakeTmp'
/usr/bin/make -f CMakeFiles/cmTC_d24bf.dir/build.make CMakeFiles/cmTC_d24bf.dir/build
make[4]: Entering directory '/home/gao/Documents/open-SURFEX/build/NetCDF_Fortran-prefix/src/NetCDF_Fortran-build/CMakeFiles/CMakeTmp'
Building Fortran object CMakeFiles/cmTC_d24bf.dir/testFortranCompiler.f.o
/usr/bin/gfortran    -c /home/gao/Documents/open-SURFEX/build/NetCDF_Fortran-prefix/src/NetCDF_Fortran-build/CMakeFiles/CMakeTmp/testFortranCompiler.f -o CMakeFiles/cmTC_d24bf.dir/testFortranCompiler.f.o
Linking Fortran executable cmTC_d24bf
/usr/local/bin/cmake -E cmake_link_script CMakeFiles/cmTC_d24bf.dir/link.txt --verbose=1
/usr/bin/gfortran      CMakeFiles/cmTC_d24bf.dir/testFortranCompiler.f.o  -o cmTC_d24bf 
make[4]: Leaving directory '/home/gao/Documents/open-SURFEX/build/NetCDF_Fortran-prefix/src/NetCDF_Fortran-build/CMakeFiles/CMakeTmp'
make[3]: Leaving directory '/home/gao/Documents/open-SURFEX/build/NetCDF_Fortran-prefix/src/NetCDF_Fortran-build/CMakeFiles/CMakeTmp'


Detecting Fortran compiler ABI info compiled with the following output:
Change Dir: /home/gao/Documents/open-SURFEX/build/NetCDF_Fortran-prefix/src/NetCDF_Fortran-build/CMakeFiles/CMakeTmp

Run Build Command:"/usr/bin/make" "cmTC_430b7/fast"
make[3]: Entering directory '/home/gao/Documents/open-SURFEX/build/NetCDF_Fortran-prefix/src/NetCDF_Fortran-build/CMakeFiles/CMakeTmp'
/usr/bin/make -f CMakeFiles/cmTC_430b7.dir/build.make CMakeFiles/cmTC_430b7.dir/build
make[4]: Entering directory '/home/gao/Documents/open-SURFEX/build/NetCDF_Fortran-prefix/src/NetCDF_Fortran-build/CMakeFiles/CMakeTmp'
Building Fortran object CMakeFiles/cmTC_430b7.dir/CMakeFortranCompilerABI.F.o
/usr/bin/gfortran    -c /usr/local/share/cmake-3.11/Modules/CMakeFortranCompilerABI.F -o CMakeFiles/cmTC_430b7.dir/CMakeFortranCompilerABI.F.o
Linking Fortran executable cmTC_430b7
/usr/local/bin/cmake -E cmake_link_script CMakeFiles/cmTC_430b7.dir/link.txt --verbose=1
/usr/bin/gfortran   -v   CMakeFiles/cmTC_430b7.dir/CMakeFortranCompilerABI.F.o  -o cmTC_430b7 
Driving: /usr/bin/gfortran -v CMakeFiles/cmTC_430b7.dir/CMakeFortranCompilerABI.F.o -o cmTC_430b7 -l gfortran -l m -shared-libgcc
Using built-in specs.
COLLECT_GCC=/usr/bin/gfortran
COLLECT_LTO_WRAPPER=/usr/lib/gcc/x86_64-linux-gnu/6/lto-wrapper
Target: x86_64-linux-gnu
Configured with: ../src/configure -v --with-pkgversion='Debian 6.3.0-18+deb9u1' --with-bugurl=file:///usr/share/doc/gcc-6/README.Bugs --enable-languages=c,ada,c++,java,go,d,fortran,objc,obj-c++ --prefix=/usr --program-suffix=-6 --program-prefix=x86_64-linux-gnu- --enable-shared --enable-linker-build-id --libexecdir=/usr/lib --without-included-gettext --enable-threads=posix --libdir=/usr/lib --enable-nls --with-sysroot=/ --enable-clocale=gnu --enable-libstdcxx-debug --enable-libstdcxx-time=yes --with-default-libstdcxx-abi=new --enable-gnu-unique-object --disable-vtable-verify --enable-libmpx --enable-plugin --enable-default-pie --with-system-zlib --disable-browser-plugin --enable-java-awt=gtk --enable-gtk-cairo --with-java-home=/usr/lib/jvm/java-1.5.0-gcj-6-amd64/jre --enable-java-home --with-jvm-root-dir=/usr/lib/jvm/java-1.5.0-gcj-6-amd64 --with-jvm-jar-dir=/usr/lib/jvm-exports/java-1.5.0-gcj-6-amd64 --with-arch-directory=amd64 --with-ecj-jar=/usr/share/java/eclipse-ecj.jar --with-target-system-zlib --enable-objc-gc=auto --enable-multiarch --with-arch-32=i686 --with-abi=m64 --with-multilib-list=m32,m64,mx32 --enable-multilib --with-tune=generic --enable-checking=release --build=x86_64-linux-gnu --host=x86_64-linux-gnu --target=x86_64-linux-gnu
Thread model: posix
gcc version 6.3.0 20170516 (Debian 6.3.0-18+deb9u1) 
Reading specs from /usr/lib/gcc/x86_64-linux-gnu/6/libgfortran.spec
rename spec lib to liborig
COLLECT_GCC_OPTIONS='-v' '-o' 'cmTC_430b7' '-shared-libgcc' '-mtune=generic' '-march=x86-64'
COMPILER_PATH=/usr/lib/gcc/x86_64-linux-gnu/6/:/usr/lib/gcc/x86_64-linux-gnu/6/:/usr/lib/gcc/x86_64-linux-gnu/:/usr/lib/gcc/x86_64-linux-gnu/6/:/usr/lib/gcc/x86_64-linux-gnu/
LIBRARY_PATH=/usr/lib/gcc/x86_64-linux-gnu/6/:/usr/lib/gcc/x86_64-linux-gnu/6/../../../x86_64-linux-gnu/:/usr/lib/gcc/x86_64-linux-gnu/6/../../../../lib/:/lib/x86_64-linux-gnu/:/lib/../lib/:/usr/lib/x86_64-linux-gnu/:/usr/lib/../lib/:/usr/lib/gcc/x86_64-linux-gnu/6/../../../:/lib/:/usr/lib/
COLLECT_GCC_OPTIONS='-v' '-o' 'cmTC_430b7' '-shared-libgcc' '-mtune=generic' '-march=x86-64'
 /usr/lib/gcc/x86_64-linux-gnu/6/collect2 -plugin /usr/lib/gcc/x86_64-linux-gnu/6/liblto_plugin.so -plugin-opt=/usr/lib/gcc/x86_64-linux-gnu/6/lto-wrapper -plugin-opt=-fresolution=/tmp/cco7DyRt.res -plugin-opt=-pass-through=-lgcc_s -plugin-opt=-pass-through=-lgcc -plugin-opt=-pass-through=-lquadmath -plugin-opt=-pass-through=-lm -plugin-opt=-pass-through=-lgcc_s -plugin-opt=-pass-through=-lgcc -plugin-opt=-pass-through=-lc -plugin-opt=-pass-through=-lgcc_s -plugin-opt=-pass-through=-lgcc --sysroot=/ --build-id --eh-frame-hdr -m elf_x86_64 --hash-style=gnu -dynamic-linker /lib64/ld-linux-x86-64.so.2 -pie -o cmTC_430b7 /usr/lib/gcc/x86_64-linux-gnu/6/../../../x86_64-linux-gnu/Scrt1.o /usr/lib/gcc/x86_64-linux-gnu/6/../../../x86_64-linux-gnu/crti.o /usr/lib/gcc/x86_64-linux-gnu/6/crtbeginS.o -L/usr/lib/gcc/x86_64-linux-gnu/6 -L/usr/lib/gcc/x86_64-linux-gnu/6/../../../x86_64-linux-gnu -L/usr/lib/gcc/x86_64-linux-gnu/6/../../../../lib -L/lib/x86_64-linux-gnu -L/lib/../lib -L/usr/lib/x86_64-linux-gnu -L/usr/lib/../lib -L/usr/lib/gcc/x86_64-linux-gnu/6/../../.. CMakeFiles/cmTC_430b7.dir/CMakeFortranCompilerABI.F.o -lgfortran -lm -lgcc_s -lgcc -lquadmath -lm -lgcc_s -lgcc -lc -lgcc_s -lgcc /usr/lib/gcc/x86_64-linux-gnu/6/crtendS.o /usr/lib/gcc/x86_64-linux-gnu/6/../../../x86_64-linux-gnu/crtn.o
COLLECT_GCC_OPTIONS='-v' '-o' 'cmTC_430b7' '-shared-libgcc' '-mtune=generic' '-march=x86-64'
make[4]: Leaving directory '/home/gao/Documents/open-SURFEX/build/NetCDF_Fortran-prefix/src/NetCDF_Fortran-build/CMakeFiles/CMakeTmp'
make[3]: Leaving directory '/home/gao/Documents/open-SURFEX/build/NetCDF_Fortran-prefix/src/NetCDF_Fortran-build/CMakeFiles/CMakeTmp'


Parsed Fortran implicit link information from above output:
  link line regex: [^( *|.*[/\])(ld|CMAKE_LINK_STARTFILE-NOTFOUND|([^/\]+-)?ld|collect2)[^/\]*( |$)]
  ignore line: [Change Dir: /home/gao/Documents/open-SURFEX/build/NetCDF_Fortran-prefix/src/NetCDF_Fortran-build/CMakeFiles/CMakeTmp]
  ignore line: []
  ignore line: [Run Build Command:"/usr/bin/make" "cmTC_430b7/fast"]
  ignore line: [make[3]: Entering directory '/home/gao/Documents/open-SURFEX/build/NetCDF_Fortran-prefix/src/NetCDF_Fortran-build/CMakeFiles/CMakeTmp']
  ignore line: [/usr/bin/make -f CMakeFiles/cmTC_430b7.dir/build.make CMakeFiles/cmTC_430b7.dir/build]
  ignore line: [make[4]: Entering directory '/home/gao/Documents/open-SURFEX/build/NetCDF_Fortran-prefix/src/NetCDF_Fortran-build/CMakeFiles/CMakeTmp']
  ignore line: [Building Fortran object CMakeFiles/cmTC_430b7.dir/CMakeFortranCompilerABI.F.o]
  ignore line: [/usr/bin/gfortran    -c /usr/local/share/cmake-3.11/Modules/CMakeFortranCompilerABI.F -o CMakeFiles/cmTC_430b7.dir/CMakeFortranCompilerABI.F.o]
  ignore line: [Linking Fortran executable cmTC_430b7]
  ignore line: [/usr/local/bin/cmake -E cmake_link_script CMakeFiles/cmTC_430b7.dir/link.txt --verbose=1]
  ignore line: [/usr/bin/gfortran   -v   CMakeFiles/cmTC_430b7.dir/CMakeFortranCompilerABI.F.o  -o cmTC_430b7 ]
  ignore line: [Driving: /usr/bin/gfortran -v CMakeFiles/cmTC_430b7.dir/CMakeFortranCompilerABI.F.o -o cmTC_430b7 -l gfortran -l m -shared-libgcc]
  ignore line: [Using built-in specs.]
  ignore line: [COLLECT_GCC=/usr/bin/gfortran]
  ignore line: [COLLECT_LTO_WRAPPER=/usr/lib/gcc/x86_64-linux-gnu/6/lto-wrapper]
  ignore line: [Target: x86_64-linux-gnu]
  ignore line: [Configured with: ../src/configure -v --with-pkgversion='Debian 6.3.0-18+deb9u1' --with-bugurl=file:///usr/share/doc/gcc-6/README.Bugs --enable-languages=c,ada,c++,java,go,d,fortran,objc,obj-c++ --prefix=/usr --program-suffix=-6 --program-prefix=x86_64-linux-gnu- --enable-shared --enable-linker-build-id --libexecdir=/usr/lib --without-included-gettext --enable-threads=posix --libdir=/usr/lib --enable-nls --with-sysroot=/ --enable-clocale=gnu --enable-libstdcxx-debug --enable-libstdcxx-time=yes --with-default-libstdcxx-abi=new --enable-gnu-unique-object --disable-vtable-verify --enable-libmpx --enable-plugin --enable-default-pie --with-system-zlib --disable-browser-plugin --enable-java-awt=gtk --enable-gtk-cairo --with-java-home=/usr/lib/jvm/java-1.5.0-gcj-6-amd64/jre --enable-java-home --with-jvm-root-dir=/usr/lib/jvm/java-1.5.0-gcj-6-amd64 --with-jvm-jar-dir=/usr/lib/jvm-exports/java-1.5.0-gcj-6-amd64 --with-arch-directory=amd64 --with-ecj-jar=/usr/share/java/eclipse-ecj.jar --with-target-system-zlib --enable-objc-gc=auto --enable-multiarch --with-arch-32=i686 --with-abi=m64 --with-multilib-list=m32,m64,mx32 --enable-multilib --with-tune=generic --enable-checking=release --build=x86_64-linux-gnu --host=x86_64-linux-gnu --target=x86_64-linux-gnu]
  ignore line: [Thread model: posix]
  ignore line: [gcc version 6.3.0 20170516 (Debian 6.3.0-18+deb9u1) ]
  ignore line: [Reading specs from /usr/lib/gcc/x86_64-linux-gnu/6/libgfortran.spec]
  ignore line: [rename spec lib to liborig]
  ignore line: [COLLECT_GCC_OPTIONS='-v' '-o' 'cmTC_430b7' '-shared-libgcc' '-mtune=generic' '-march=x86-64']
  ignore line: [COMPILER_PATH=/usr/lib/gcc/x86_64-linux-gnu/6/:/usr/lib/gcc/x86_64-linux-gnu/6/:/usr/lib/gcc/x86_64-linux-gnu/:/usr/lib/gcc/x86_64-linux-gnu/6/:/usr/lib/gcc/x86_64-linux-gnu/]
  ignore line: [LIBRARY_PATH=/usr/lib/gcc/x86_64-linux-gnu/6/:/usr/lib/gcc/x86_64-linux-gnu/6/../../../x86_64-linux-gnu/:/usr/lib/gcc/x86_64-linux-gnu/6/../../../../lib/:/lib/x86_64-linux-gnu/:/lib/../lib/:/usr/lib/x86_64-linux-gnu/:/usr/lib/../lib/:/usr/lib/gcc/x86_64-linux-gnu/6/../../../:/lib/:/usr/lib/]
  ignore line: [COLLECT_GCC_OPTIONS='-v' '-o' 'cmTC_430b7' '-shared-libgcc' '-mtune=generic' '-march=x86-64']
  link line: [ /usr/lib/gcc/x86_64-linux-gnu/6/collect2 -plugin /usr/lib/gcc/x86_64-linux-gnu/6/liblto_plugin.so -plugin-opt=/usr/lib/gcc/x86_64-linux-gnu/6/lto-wrapper -plugin-opt=-fresolution=/tmp/cco7DyRt.res -plugin-opt=-pass-through=-lgcc_s -plugin-opt=-pass-through=-lgcc -plugin-opt=-pass-through=-lquadmath -plugin-opt=-pass-through=-lm -plugin-opt=-pass-through=-lgcc_s -plugin-opt=-pass-through=-lgcc -plugin-opt=-pass-through=-lc -plugin-opt=-pass-through=-lgcc_s -plugin-opt=-pass-through=-lgcc --sysroot=/ --build-id --eh-frame-hdr -m elf_x86_64 --hash-style=gnu -dynamic-linker /lib64/ld-linux-x86-64.so.2 -pie -o cmTC_430b7 /usr/lib/gcc/x86_64-linux-gnu/6/../../../x86_64-linux-gnu/Scrt1.o /usr/lib/gcc/x86_64-linux-gnu/6/../../../x86_64-linux-gnu/crti.o /usr/lib/gcc/x86_64-linux-gnu/6/crtbeginS.o -L/usr/lib/gcc/x86_64-linux-gnu/6 -L/usr/lib/gcc/x86_64-linux-gnu/6/../../../x86_64-linux-gnu -L/usr/lib/gcc/x86_64-linux-gnu/6/../../../../lib -L/lib/x86_64-linux-gnu -L/lib/../lib -L/usr/lib/x86_64-linux-gnu -L/usr/lib/../lib -L/usr/lib/gcc/x86_64-linux-gnu/6/../../.. CMakeFiles/cmTC_430b7.dir/CMakeFortranCompilerABI.F.o -lgfortran -lm -lgcc_s -lgcc -lquadmath -lm -lgcc_s -lgcc -lc -lgcc_s -lgcc /usr/lib/gcc/x86_64-linux-gnu/6/crtendS.o /usr/lib/gcc/x86_64-linux-gnu/6/../../../x86_64-linux-gnu/crtn.o]
    arg [/usr/lib/gcc/x86_64-linux-gnu/6/collect2] ==> ignore
    arg [-plugin] ==> ignore
    arg [/usr/lib/gcc/x86_64-linux-gnu/6/liblto_plugin.so] ==> ignore
    arg [-plugin-opt=/usr/lib/gcc/x86_64-linux-gnu/6/lto-wrapper] ==> ignore
    arg [-plugin-opt=-fresolution=/tmp/cco7DyRt.res] ==> ignore
    arg [-plugin-opt=-pass-through=-lgcc_s] ==> ignore
    arg [-plugin-opt=-pass-through=-lgcc] ==> ignore
    arg [-plugin-opt=-pass-through=-lquadmath] ==> ignore
    arg [-plugin-opt=-pass-through=-lm] ==> ignore
    arg [-plugin-opt=-pass-through=-lgcc_s] ==> ignore
    arg [-plugin-opt=-pass-through=-lgcc] ==> ignore
    arg [-plugin-opt=-pass-through=-lc] ==> ignore
    arg [-plugin-opt=-pass-through=-lgcc_s] ==> ignore
    arg [-plugin-opt=-pass-through=-lgcc] ==> ignore
    arg [--sysroot=/] ==> ignore
    arg [--build-id] ==> ignore
    arg [--eh-frame-hdr] ==> ignore
    arg [-m] ==> ignore
    arg [elf_x86_64] ==> ignore
    arg [--hash-style=gnu] ==> ignore
    arg [-dynamic-linker] ==> ignore
    arg [/lib64/ld-linux-x86-64.so.2] ==> ignore
    arg [-pie] ==> ignore
    arg [-o] ==> ignore
    arg [cmTC_430b7] ==> ignore
    arg [/usr/lib/gcc/x86_64-linux-gnu/6/../../../x86_64-linux-gnu/Scrt1.o] ==> ignore
    arg [/usr/lib/gcc/x86_64-linux-gnu/6/../../../x86_64-linux-gnu/crti.o] ==> ignore
    arg [/usr/lib/gcc/x86_64-linux-gnu/6/crtbeginS.o] ==> ignore
    arg [-L/usr/lib/gcc/x86_64-linux-gnu/6] ==> dir [/usr/lib/gcc/x86_64-linux-gnu/6]
    arg [-L/usr/lib/gcc/x86_64-linux-gnu/6/../../../x86_64-linux-gnu] ==> dir [/usr/lib/gcc/x86_64-linux-gnu/6/../../../x86_64-linux-gnu]
    arg [-L/usr/lib/gcc/x86_64-linux-gnu/6/../../../../lib] ==> dir [/usr/lib/gcc/x86_64-linux-gnu/6/../../../../lib]
    arg [-L/lib/x86_64-linux-gnu] ==> dir [/lib/x86_64-linux-gnu]
    arg [-L/lib/../lib] ==> dir [/lib/../lib]
    arg [-L/usr/lib/x86_64-linux-gnu] ==> dir [/usr/lib/x86_64-linux-gnu]
    arg [-L/usr/lib/../lib] ==> dir [/usr/lib/../lib]
    arg [-L/usr/lib/gcc/x86_64-linux-gnu/6/../../..] ==> dir [/usr/lib/gcc/x86_64-linux-gnu/6/../../..]
    arg [CMakeFiles/cmTC_430b7.dir/CMakeFortranCompilerABI.F.o] ==> ignore
    arg [-lgfortran] ==> lib [gfortran]
    arg [-lm] ==> lib [m]
    arg [-lgcc_s] ==> lib [gcc_s]
    arg [-lgcc] ==> lib [gcc]
    arg [-lquadmath] ==> lib [quadmath]
    arg [-lm] ==> lib [m]
    arg [-lgcc_s] ==> lib [gcc_s]
    arg [-lgcc] ==> lib [gcc]
    arg [-lc] ==> lib [c]
    arg [-lgcc_s] ==> lib [gcc_s]
    arg [-lgcc] ==> lib [gcc]
    arg [/usr/lib/gcc/x86_64-linux-gnu/6/crtendS.o] ==> ignore
    arg [/usr/lib/gcc/x86_64-linux-gnu/6/../../../x86_64-linux-gnu/crtn.o] ==> ignore
  collapse library dir [/usr/lib/gcc/x86_64-linux-gnu/6] ==> [/usr/lib/gcc/x86_64-linux-gnu/6]
  collapse library dir [/usr/lib/gcc/x86_64-linux-gnu/6/../../../x86_64-linux-gnu] ==> [/usr/lib/x86_64-linux-gnu]
  collapse library dir [/usr/lib/gcc/x86_64-linux-gnu/6/../../../../lib] ==> [/usr/lib]
  collapse library dir [/lib/x86_64-linux-gnu] ==> [/lib/x86_64-linux-gnu]
  collapse library dir [/lib/../lib] ==> [/lib]
  collapse library dir [/usr/lib/x86_64-linux-gnu] ==> [/usr/lib/x86_64-linux-gnu]
  collapse library dir [/usr/lib/../lib] ==> [/usr/lib]
  collapse library dir [/usr/lib/gcc/x86_64-linux-gnu/6/../../..] ==> [/usr/lib]
  implicit libs: [gfortran;m;gcc_s;gcc;quadmath;m;gcc_s;gcc;c;gcc_s;gcc]
  implicit dirs: [/usr/lib/gcc/x86_64-linux-gnu/6;/usr/lib/x86_64-linux-gnu;/usr/lib;/lib/x86_64-linux-gnu;/lib]
  implicit fwks: []


Determining if the Fortran compiler supports Fortran 90 passed with the following output:
Change Dir: /home/gao/Documents/open-SURFEX/build/NetCDF_Fortran-prefix/src/NetCDF_Fortran-build/CMakeFiles/CMakeTmp

Run Build Command:"/usr/bin/make" "cmTC_32b96/fast"
make[3]: Entering directory '/home/gao/Documents/open-SURFEX/build/NetCDF_Fortran-prefix/src/NetCDF_Fortran-build/CMakeFiles/CMakeTmp'
/usr/bin/make -f CMakeFiles/cmTC_32b96.dir/build.make CMakeFiles/cmTC_32b96.dir/build
make[4]: Entering directory '/home/gao/Documents/open-SURFEX/build/NetCDF_Fortran-prefix/src/NetCDF_Fortran-build/CMakeFiles/CMakeTmp'
Building Fortran object CMakeFiles/cmTC_32b96.dir/testFortranCompilerF90.f90.o
/usr/bin/gfortran    -c /home/gao/Documents/open-SURFEX/build/NetCDF_Fortran-prefix/src/NetCDF_Fortran-build/CMakeFiles/CMakeTmp/testFortranCompilerF90.f90 -o CMakeFiles/cmTC_32b96.dir/testFortranCompilerF90.f90.o
Linking Fortran executable cmTC_32b96
/usr/local/bin/cmake -E cmake_link_script CMakeFiles/cmTC_32b96.dir/link.txt --verbose=1
/usr/bin/gfortran      CMakeFiles/cmTC_32b96.dir/testFortranCompilerF90.f90.o  -o cmTC_32b96 
make[4]: Leaving directory '/home/gao/Documents/open-SURFEX/build/NetCDF_Fortran-prefix/src/NetCDF_Fortran-build/CMakeFiles/CMakeTmp'
make[3]: Leaving directory '/home/gao/Documents/open-SURFEX/build/NetCDF_Fortran-prefix/src/NetCDF_Fortran-build/CMakeFiles/CMakeTmp'


Determining if the C compiler works passed with the following output:
Change Dir: /home/gao/Documents/open-SURFEX/build/NetCDF_Fortran-prefix/src/NetCDF_Fortran-build/CMakeFiles/CMakeTmp

Run Build Command:"/usr/bin/make" "cmTC_1de5d/fast"
make[3]: Entering directory '/home/gao/Documents/open-SURFEX/build/NetCDF_Fortran-prefix/src/NetCDF_Fortran-build/CMakeFiles/CMakeTmp'
/usr/bin/make -f CMakeFiles/cmTC_1de5d.dir/build.make CMakeFiles/cmTC_1de5d.dir/build
make[4]: Entering directory '/home/gao/Documents/open-SURFEX/build/NetCDF_Fortran-prefix/src/NetCDF_Fortran-build/CMakeFiles/CMakeTmp'
Building C object CMakeFiles/cmTC_1de5d.dir/testCCompiler.c.o
/usr/bin/cc    -o CMakeFiles/cmTC_1de5d.dir/testCCompiler.c.o   -c /home/gao/Documents/open-SURFEX/build/NetCDF_Fortran-prefix/src/NetCDF_Fortran-build/CMakeFiles/CMakeTmp/testCCompiler.c
Linking C executable cmTC_1de5d
/usr/local/bin/cmake -E cmake_link_script CMakeFiles/cmTC_1de5d.dir/link.txt --verbose=1
/usr/bin/cc      -rdynamic CMakeFiles/cmTC_1de5d.dir/testCCompiler.c.o  -o cmTC_1de5d 
make[4]: Leaving directory '/home/gao/Documents/open-SURFEX/build/NetCDF_Fortran-prefix/src/NetCDF_Fortran-build/CMakeFiles/CMakeTmp'
make[3]: Leaving directory '/home/gao/Documents/open-SURFEX/build/NetCDF_Fortran-prefix/src/NetCDF_Fortran-build/CMakeFiles/CMakeTmp'


Detecting C compiler ABI info compiled with the following output:
Change Dir: /home/gao/Documents/open-SURFEX/build/NetCDF_Fortran-prefix/src/NetCDF_Fortran-build/CMakeFiles/CMakeTmp

Run Build Command:"/usr/bin/make" "cmTC_6c695/fast"
make[3]: Entering directory '/home/gao/Documents/open-SURFEX/build/NetCDF_Fortran-prefix/src/NetCDF_Fortran-build/CMakeFiles/CMakeTmp'
/usr/bin/make -f CMakeFiles/cmTC_6c695.dir/build.make CMakeFiles/cmTC_6c695.dir/build
make[4]: Entering directory '/home/gao/Documents/open-SURFEX/build/NetCDF_Fortran-prefix/src/NetCDF_Fortran-build/CMakeFiles/CMakeTmp'
Building C object CMakeFiles/cmTC_6c695.dir/CMakeCCompilerABI.c.o
/usr/bin/cc    -o CMakeFiles/cmTC_6c695.dir/CMakeCCompilerABI.c.o   -c /usr/local/share/cmake-3.11/Modules/CMakeCCompilerABI.c
Linking C executable cmTC_6c695
/usr/local/bin/cmake -E cmake_link_script CMakeFiles/cmTC_6c695.dir/link.txt --verbose=1
/usr/bin/cc     -v -rdynamic CMakeFiles/cmTC_6c695.dir/CMakeCCompilerABI.c.o  -o cmTC_6c695 
Using built-in specs.
COLLECT_GCC=/usr/bin/cc
COLLECT_LTO_WRAPPER=/usr/lib/gcc/x86_64-linux-gnu/6/lto-wrapper
Target: x86_64-linux-gnu
Configured with: ../src/configure -v --with-pkgversion='Debian 6.3.0-18+deb9u1' --with-bugurl=file:///usr/share/doc/gcc-6/README.Bugs --enable-languages=c,ada,c++,java,go,d,fortran,objc,obj-c++ --prefix=/usr --program-suffix=-6 --program-prefix=x86_64-linux-gnu- --enable-shared --enable-linker-build-id --libexecdir=/usr/lib --without-included-gettext --enable-threads=posix --libdir=/usr/lib --enable-nls --with-sysroot=/ --enable-clocale=gnu --enable-libstdcxx-debug --enable-libstdcxx-time=yes --with-default-libstdcxx-abi=new --enable-gnu-unique-object --disable-vtable-verify --enable-libmpx --enable-plugin --enable-default-pie --with-system-zlib --disable-browser-plugin --enable-java-awt=gtk --enable-gtk-cairo --with-java-home=/usr/lib/jvm/java-1.5.0-gcj-6-amd64/jre --enable-java-home --with-jvm-root-dir=/usr/lib/jvm/java-1.5.0-gcj-6-amd64 --with-jvm-jar-dir=/usr/lib/jvm-exports/java-1.5.0-gcj-6-amd64 --with-arch-directory=amd64 --with-ecj-jar=/usr/share/java/eclipse-ecj.jar --with-target-system-zlib --enable-objc-gc=auto --enable-multiarch --with-arch-32=i686 --with-abi=m64 --with-multilib-list=m32,m64,mx32 --enable-multilib --with-tune=generic --enable-checking=release --build=x86_64-linux-gnu --host=x86_64-linux-gnu --target=x86_64-linux-gnu
Thread model: posix
gcc version 6.3.0 20170516 (Debian 6.3.0-18+deb9u1) 
COMPILER_PATH=/usr/lib/gcc/x86_64-linux-gnu/6/:/usr/lib/gcc/x86_64-linux-gnu/6/:/usr/lib/gcc/x86_64-linux-gnu/:/usr/lib/gcc/x86_64-linux-gnu/6/:/usr/lib/gcc/x86_64-linux-gnu/
LIBRARY_PATH=/usr/lib/gcc/x86_64-linux-gnu/6/:/usr/lib/gcc/x86_64-linux-gnu/6/../../../x86_64-linux-gnu/:/usr/lib/gcc/x86_64-linux-gnu/6/../../../../lib/:/lib/x86_64-linux-gnu/:/lib/../lib/:/usr/lib/x86_64-linux-gnu/:/usr/lib/../lib/:/usr/lib/gcc/x86_64-linux-gnu/6/../../../:/lib/:/usr/lib/
COLLECT_GCC_OPTIONS='-v' '-rdynamic' '-o' 'cmTC_6c695' '-mtune=generic' '-march=x86-64'
 /usr/lib/gcc/x86_64-linux-gnu/6/collect2 -plugin /usr/lib/gcc/x86_64-linux-gnu/6/liblto_plugin.so -plugin-opt=/usr/lib/gcc/x86_64-linux-gnu/6/lto-wrapper -plugin-opt=-fresolution=/tmp/ccjITgVF.res -plugin-opt=-pass-through=-lgcc -plugin-opt=-pass-through=-lgcc_s -plugin-opt=-pass-through=-lc -plugin-opt=-pass-through=-lgcc -plugin-opt=-pass-through=-lgcc_s --sysroot=/ --build-id --eh-frame-hdr -m elf_x86_64 --hash-style=gnu -export-dynamic -dynamic-linker /lib64/ld-linux-x86-64.so.2 -pie -o cmTC_6c695 /usr/lib/gcc/x86_64-linux-gnu/6/../../../x86_64-linux-gnu/Scrt1.o /usr/lib/gcc/x86_64-linux-gnu/6/../../../x86_64-linux-gnu/crti.o /usr/lib/gcc/x86_64-linux-gnu/6/crtbeginS.o -L/usr/lib/gcc/x86_64-linux-gnu/6 -L/usr/lib/gcc/x86_64-linux-gnu/6/../../../x86_64-linux-gnu -L/usr/lib/gcc/x86_64-linux-gnu/6/../../../../lib -L/lib/x86_64-linux-gnu -L/lib/../lib -L/usr/lib/x86_64-linux-gnu -L/usr/lib/../lib -L/usr/lib/gcc/x86_64-linux-gnu/6/../../.. CMakeFiles/cmTC_6c695.dir/CMakeCCompilerABI.c.o -lgcc --as-needed -lgcc_s --no-as-needed -lc -lgcc --as-needed -lgcc_s --no-as-needed /usr/lib/gcc/x86_64-linux-gnu/6/crtendS.o /usr/lib/gcc/x86_64-linux-gnu/6/../../../x86_64-linux-gnu/crtn.o
COLLECT_GCC_OPTIONS='-v' '-rdynamic' '-o' 'cmTC_6c695' '-mtune=generic' '-march=x86-64'
make[4]: Leaving directory '/home/gao/Documents/open-SURFEX/build/NetCDF_Fortran-prefix/src/NetCDF_Fortran-build/CMakeFiles/CMakeTmp'
make[3]: Leaving directory '/home/gao/Documents/open-SURFEX/build/NetCDF_Fortran-prefix/src/NetCDF_Fortran-build/CMakeFiles/CMakeTmp'


Parsed C implicit link information from above output:
  link line regex: [^( *|.*[/\])(ld|CMAKE_LINK_STARTFILE-NOTFOUND|([^/\]+-)?ld|collect2)[^/\]*( |$)]
  ignore line: [Change Dir: /home/gao/Documents/open-SURFEX/build/NetCDF_Fortran-prefix/src/NetCDF_Fortran-build/CMakeFiles/CMakeTmp]
  ignore line: []
  ignore line: [Run Build Command:"/usr/bin/make" "cmTC_6c695/fast"]
  ignore line: [make[3]: Entering directory '/home/gao/Documents/open-SURFEX/build/NetCDF_Fortran-prefix/src/NetCDF_Fortran-build/CMakeFiles/CMakeTmp']
  ignore line: [/usr/bin/make -f CMakeFiles/cmTC_6c695.dir/build.make CMakeFiles/cmTC_6c695.dir/build]
  ignore line: [make[4]: Entering directory '/home/gao/Documents/open-SURFEX/build/NetCDF_Fortran-prefix/src/NetCDF_Fortran-build/CMakeFiles/CMakeTmp']
  ignore line: [Building C object CMakeFiles/cmTC_6c695.dir/CMakeCCompilerABI.c.o]
  ignore line: [/usr/bin/cc    -o CMakeFiles/cmTC_6c695.dir/CMakeCCompilerABI.c.o   -c /usr/local/share/cmake-3.11/Modules/CMakeCCompilerABI.c]
  ignore line: [Linking C executable cmTC_6c695]
  ignore line: [/usr/local/bin/cmake -E cmake_link_script CMakeFiles/cmTC_6c695.dir/link.txt --verbose=1]
  ignore line: [/usr/bin/cc     -v -rdynamic CMakeFiles/cmTC_6c695.dir/CMakeCCompilerABI.c.o  -o cmTC_6c695 ]
  ignore line: [Using built-in specs.]
  ignore line: [COLLECT_GCC=/usr/bin/cc]
  ignore line: [COLLECT_LTO_WRAPPER=/usr/lib/gcc/x86_64-linux-gnu/6/lto-wrapper]
  ignore line: [Target: x86_64-linux-gnu]
  ignore line: [Configured with: ../src/configure -v --with-pkgversion='Debian 6.3.0-18+deb9u1' --with-bugurl=file:///usr/share/doc/gcc-6/README.Bugs --enable-languages=c,ada,c++,java,go,d,fortran,objc,obj-c++ --prefix=/usr --program-suffix=-6 --program-prefix=x86_64-linux-gnu- --enable-shared --enable-linker-build-id --libexecdir=/usr/lib --without-included-gettext --enable-threads=posix --libdir=/usr/lib --enable-nls --with-sysroot=/ --enable-clocale=gnu --enable-libstdcxx-debug --enable-libstdcxx-time=yes --with-default-libstdcxx-abi=new --enable-gnu-unique-object --disable-vtable-verify --enable-libmpx --enable-plugin --enable-default-pie --with-system-zlib --disable-browser-plugin --enable-java-awt=gtk --enable-gtk-cairo --with-java-home=/usr/lib/jvm/java-1.5.0-gcj-6-amd64/jre --enable-java-home --with-jvm-root-dir=/usr/lib/jvm/java-1.5.0-gcj-6-amd64 --with-jvm-jar-dir=/usr/lib/jvm-exports/java-1.5.0-gcj-6-amd64 --with-arch-directory=amd64 --with-ecj-jar=/usr/share/java/eclipse-ecj.jar --with-target-system-zlib --enable-objc-gc=auto --enable-multiarch --with-arch-32=i686 --with-abi=m64 --with-multilib-list=m32,m64,mx32 --enable-multilib --with-tune=generic --enable-checking=release --build=x86_64-linux-gnu --host=x86_64-linux-gnu --target=x86_64-linux-gnu]
  ignore line: [Thread model: posix]
  ignore line: [gcc version 6.3.0 20170516 (Debian 6.3.0-18+deb9u1) ]
  ignore line: [COMPILER_PATH=/usr/lib/gcc/x86_64-linux-gnu/6/:/usr/lib/gcc/x86_64-linux-gnu/6/:/usr/lib/gcc/x86_64-linux-gnu/:/usr/lib/gcc/x86_64-linux-gnu/6/:/usr/lib/gcc/x86_64-linux-gnu/]
  ignore line: [LIBRARY_PATH=/usr/lib/gcc/x86_64-linux-gnu/6/:/usr/lib/gcc/x86_64-linux-gnu/6/../../../x86_64-linux-gnu/:/usr/lib/gcc/x86_64-linux-gnu/6/../../../../lib/:/lib/x86_64-linux-gnu/:/lib/../lib/:/usr/lib/x86_64-linux-gnu/:/usr/lib/../lib/:/usr/lib/gcc/x86_64-linux-gnu/6/../../../:/lib/:/usr/lib/]
  ignore line: [COLLECT_GCC_OPTIONS='-v' '-rdynamic' '-o' 'cmTC_6c695' '-mtune=generic' '-march=x86-64']
  link line: [ /usr/lib/gcc/x86_64-linux-gnu/6/collect2 -plugin /usr/lib/gcc/x86_64-linux-gnu/6/liblto_plugin.so -plugin-opt=/usr/lib/gcc/x86_64-linux-gnu/6/lto-wrapper -plugin-opt=-fresolution=/tmp/ccjITgVF.res -plugin-opt=-pass-through=-lgcc -plugin-opt=-pass-through=-lgcc_s -plugin-opt=-pass-through=-lc -plugin-opt=-pass-through=-lgcc -plugin-opt=-pass-through=-lgcc_s --sysroot=/ --build-id --eh-frame-hdr -m elf_x86_64 --hash-style=gnu -export-dynamic -dynamic-linker /lib64/ld-linux-x86-64.so.2 -pie -o cmTC_6c695 /usr/lib/gcc/x86_64-linux-gnu/6/../../../x86_64-linux-gnu/Scrt1.o /usr/lib/gcc/x86_64-linux-gnu/6/../../../x86_64-linux-gnu/crti.o /usr/lib/gcc/x86_64-linux-gnu/6/crtbeginS.o -L/usr/lib/gcc/x86_64-linux-gnu/6 -L/usr/lib/gcc/x86_64-linux-gnu/6/../../../x86_64-linux-gnu -L/usr/lib/gcc/x86_64-linux-gnu/6/../../../../lib -L/lib/x86_64-linux-gnu -L/lib/../lib -L/usr/lib/x86_64-linux-gnu -L/usr/lib/../lib -L/usr/lib/gcc/x86_64-linux-gnu/6/../../.. CMakeFiles/cmTC_6c695.dir/CMakeCCompilerABI.c.o -lgcc --as-needed -lgcc_s --no-as-needed -lc -lgcc --as-needed -lgcc_s --no-as-needed /usr/lib/gcc/x86_64-linux-gnu/6/crtendS.o /usr/lib/gcc/x86_64-linux-gnu/6/../../../x86_64-linux-gnu/crtn.o]
    arg [/usr/lib/gcc/x86_64-linux-gnu/6/collect2] ==> ignore
    arg [-plugin] ==> ignore
    arg [/usr/lib/gcc/x86_64-linux-gnu/6/liblto_plugin.so] ==> ignore
    arg [-plugin-opt=/usr/lib/gcc/x86_64-linux-gnu/6/lto-wrapper] ==> ignore
    arg [-plugin-opt=-fresolution=/tmp/ccjITgVF.res] ==> ignore
    arg [-plugin-opt=-pass-through=-lgcc] ==> ignore
    arg [-plugin-opt=-pass-through=-lgcc_s] ==> ignore
    arg [-plugin-opt=-pass-through=-lc] ==> ignore
    arg [-plugin-opt=-pass-through=-lgcc] ==> ignore
    arg [-plugin-opt=-pass-through=-lgcc_s] ==> ignore
    arg [--sysroot=/] ==> ignore
    arg [--build-id] ==> ignore
    arg [--eh-frame-hdr] ==> ignore
    arg [-m] ==> ignore
    arg [elf_x86_64] ==> ignore
    arg [--hash-style=gnu] ==> ignore
    arg [-export-dynamic] ==> ignore
    arg [-dynamic-linker] ==> ignore
    arg [/lib64/ld-linux-x86-64.so.2] ==> ignore
    arg [-pie] ==> ignore
    arg [-o] ==> ignore
    arg [cmTC_6c695] ==> ignore
    arg [/usr/lib/gcc/x86_64-linux-gnu/6/../../../x86_64-linux-gnu/Scrt1.o] ==> ignore
    arg [/usr/lib/gcc/x86_64-linux-gnu/6/../../../x86_64-linux-gnu/crti.o] ==> ignore
    arg [/usr/lib/gcc/x86_64-linux-gnu/6/crtbeginS.o] ==> ignore
    arg [-L/usr/lib/gcc/x86_64-linux-gnu/6] ==> dir [/usr/lib/gcc/x86_64-linux-gnu/6]
    arg [-L/usr/lib/gcc/x86_64-linux-gnu/6/../../../x86_64-linux-gnu] ==> dir [/usr/lib/gcc/x86_64-linux-gnu/6/../../../x86_64-linux-gnu]
    arg [-L/usr/lib/gcc/x86_64-linux-gnu/6/../../../../lib] ==> dir [/usr/lib/gcc/x86_64-linux-gnu/6/../../../../lib]
    arg [-L/lib/x86_64-linux-gnu] ==> dir [/lib/x86_64-linux-gnu]
    arg [-L/lib/../lib] ==> dir [/lib/../lib]
    arg [-L/usr/lib/x86_64-linux-gnu] ==> dir [/usr/lib/x86_64-linux-gnu]
    arg [-L/usr/lib/../lib] ==> dir [/usr/lib/../lib]
    arg [-L/usr/lib/gcc/x86_64-linux-gnu/6/../../..] ==> dir [/usr/lib/gcc/x86_64-linux-gnu/6/../../..]
    arg [CMakeFiles/cmTC_6c695.dir/CMakeCCompilerABI.c.o] ==> ignore
    arg [-lgcc] ==> lib [gcc]
    arg [--as-needed] ==> ignore
    arg [-lgcc_s] ==> lib [gcc_s]
    arg [--no-as-needed] ==> ignore
    arg [-lc] ==> lib [c]
    arg [-lgcc] ==> lib [gcc]
    arg [--as-needed] ==> ignore
    arg [-lgcc_s] ==> lib [gcc_s]
    arg [--no-as-needed] ==> ignore
    arg [/usr/lib/gcc/x86_64-linux-gnu/6/crtendS.o] ==> ignore
    arg [/usr/lib/gcc/x86_64-linux-gnu/6/../../../x86_64-linux-gnu/crtn.o] ==> ignore
  collapse library dir [/usr/lib/gcc/x86_64-linux-gnu/6] ==> [/usr/lib/gcc/x86_64-linux-gnu/6]
  collapse library dir [/usr/lib/gcc/x86_64-linux-gnu/6/../../../x86_64-linux-gnu] ==> [/usr/lib/x86_64-linux-gnu]
  collapse library dir [/usr/lib/gcc/x86_64-linux-gnu/6/../../../../lib] ==> [/usr/lib]
  collapse library dir [/lib/x86_64-linux-gnu] ==> [/lib/x86_64-linux-gnu]
  collapse library dir [/lib/../lib] ==> [/lib]
  collapse library dir [/usr/lib/x86_64-linux-gnu] ==> [/usr/lib/x86_64-linux-gnu]
  collapse library dir [/usr/lib/../lib] ==> [/usr/lib]
  collapse library dir [/usr/lib/gcc/x86_64-linux-gnu/6/../../..] ==> [/usr/lib]
  implicit libs: [gcc;gcc_s;c;gcc;gcc_s]
  implicit dirs: [/usr/lib/gcc/x86_64-linux-gnu/6;/usr/lib/x86_64-linux-gnu;/usr/lib;/lib/x86_64-linux-gnu;/lib]
  implicit fwks: []




Detecting C [-std=c11] compiler features compiled with the following output:
Change Dir: /home/gao/Documents/open-SURFEX/build/NetCDF_Fortran-prefix/src/NetCDF_Fortran-build/CMakeFiles/CMakeTmp

Run Build Command:"/usr/bin/make" "cmTC_2e6cb/fast"
make[3]: Entering directory '/home/gao/Documents/open-SURFEX/build/NetCDF_Fortran-prefix/src/NetCDF_Fortran-build/CMakeFiles/CMakeTmp'
/usr/bin/make -f CMakeFiles/cmTC_2e6cb.dir/build.make CMakeFiles/cmTC_2e6cb.dir/build
make[4]: Entering directory '/home/gao/Documents/open-SURFEX/build/NetCDF_Fortran-prefix/src/NetCDF_Fortran-build/CMakeFiles/CMakeTmp'
Building C object CMakeFiles/cmTC_2e6cb.dir/feature_tests.c.o
/usr/bin/cc   -std=c11 -o CMakeFiles/cmTC_2e6cb.dir/feature_tests.c.o   -c /home/gao/Documents/open-SURFEX/build/NetCDF_Fortran-prefix/src/NetCDF_Fortran-build/CMakeFiles/feature_tests.c
Linking C executable cmTC_2e6cb
/usr/local/bin/cmake -E cmake_link_script CMakeFiles/cmTC_2e6cb.dir/link.txt --verbose=1
/usr/bin/cc      -rdynamic CMakeFiles/cmTC_2e6cb.dir/feature_tests.c.o  -o cmTC_2e6cb 
make[4]: Leaving directory '/home/gao/Documents/open-SURFEX/build/NetCDF_Fortran-prefix/src/NetCDF_Fortran-build/CMakeFiles/CMakeTmp'
make[3]: Leaving directory '/home/gao/Documents/open-SURFEX/build/NetCDF_Fortran-prefix/src/NetCDF_Fortran-build/CMakeFiles/CMakeTmp'


    Feature record: C_FEATURE:1c_function_prototypes
    Feature record: C_FEATURE:1c_restrict
    Feature record: C_FEATURE:1c_static_assert
    Feature record: C_FEATURE:1c_variadic_macros


Detecting C [-std=c99] compiler features compiled with the following output:
Change Dir: /home/gao/Documents/open-SURFEX/build/NetCDF_Fortran-prefix/src/NetCDF_Fortran-build/CMakeFiles/CMakeTmp

Run Build Command:"/usr/bin/make" "cmTC_8db5f/fast"
make[3]: Entering directory '/home/gao/Documents/open-SURFEX/build/NetCDF_Fortran-prefix/src/NetCDF_Fortran-build/CMakeFiles/CMakeTmp'
/usr/bin/make -f CMakeFiles/cmTC_8db5f.dir/build.make CMakeFiles/cmTC_8db5f.dir/build
make[4]: Entering directory '/home/gao/Documents/open-SURFEX/build/NetCDF_Fortran-prefix/src/NetCDF_Fortran-build/CMakeFiles/CMakeTmp'
Building C object CMakeFiles/cmTC_8db5f.dir/feature_tests.c.o
/usr/bin/cc   -std=c99 -o CMakeFiles/cmTC_8db5f.dir/feature_tests.c.o   -c /home/gao/Documents/open-SURFEX/build/NetCDF_Fortran-prefix/src/NetCDF_Fortran-build/CMakeFiles/feature_tests.c
Linking C executable cmTC_8db5f
/usr/local/bin/cmake -E cmake_link_script CMakeFiles/cmTC_8db5f.dir/link.txt --verbose=1
/usr/bin/cc      -rdynamic CMakeFiles/cmTC_8db5f.dir/feature_tests.c.o  -o cmTC_8db5f 
make[4]: Leaving directory '/home/gao/Documents/open-SURFEX/build/NetCDF_Fortran-prefix/src/NetCDF_Fortran-build/CMakeFiles/CMakeTmp'
make[3]: Leaving directory '/home/gao/Documents/open-SURFEX/build/NetCDF_Fortran-prefix/src/NetCDF_Fortran-build/CMakeFiles/CMakeTmp'


    Feature record: C_FEATURE:1c_function_prototypes
    Feature record: C_FEATURE:1c_restrict
    Feature record: C_FEATURE:0c_static_assert
    Feature record: C_FEATURE:1c_variadic_macros


Detecting C [-std=c90] compiler features compiled with the following output:
Change Dir: /home/gao/Documents/open-SURFEX/build/NetCDF_Fortran-prefix/src/NetCDF_Fortran-build/CMakeFiles/CMakeTmp

Run Build Command:"/usr/bin/make" "cmTC_63d7e/fast"
make[3]: Entering directory '/home/gao/Documents/open-SURFEX/build/NetCDF_Fortran-prefix/src/NetCDF_Fortran-build/CMakeFiles/CMakeTmp'
/usr/bin/make -f CMakeFiles/cmTC_63d7e.dir/build.make CMakeFiles/cmTC_63d7e.dir/build
make[4]: Entering directory '/home/gao/Documents/open-SURFEX/build/NetCDF_Fortran-prefix/src/NetCDF_Fortran-build/CMakeFiles/CMakeTmp'
Building C object CMakeFiles/cmTC_63d7e.dir/feature_tests.c.o
/usr/bin/cc   -std=c90 -o CMakeFiles/cmTC_63d7e.dir/feature_tests.c.o   -c /home/gao/Documents/open-SURFEX/build/NetCDF_Fortran-prefix/src/NetCDF_Fortran-build/CMakeFiles/feature_tests.c
Linking C executable cmTC_63d7e
/usr/local/bin/cmake -E cmake_link_script CMakeFiles/cmTC_63d7e.dir/link.txt --verbose=1
/usr/bin/cc      -rdynamic CMakeFiles/cmTC_63d7e.dir/feature_tests.c.o  -o cmTC_63d7e 
make[4]: Leaving directory '/home/gao/Documents/open-SURFEX/build/NetCDF_Fortran-prefix/src/NetCDF_Fortran-build/CMakeFiles/CMakeTmp'
make[3]: Leaving directory '/home/gao/Documents/open-SURFEX/build/NetCDF_Fortran-prefix/src/NetCDF_Fortran-build/CMakeFiles/CMakeTmp'


    Feature record: C_FEATURE:1c_function_prototypes
    Feature record: C_FEATURE:0c_restrict
    Feature record: C_FEATURE:0c_static_assert
    Feature record: C_FEATURE:0c_variadic_macros
Determining if the function nc_def_opaque exists in the netcdf passed with the following output:
Change Dir: /home/gao/Documents/open-SURFEX/build/NetCDF_Fortran-prefix/src/NetCDF_Fortran-build/CMakeFiles/CMakeTmp

Run Build Command:"/usr/bin/make" "cmTC_b4655/fast"
make[3]: Entering directory '/home/gao/Documents/open-SURFEX/build/NetCDF_Fortran-prefix/src/NetCDF_Fortran-build/CMakeFiles/CMakeTmp'
/usr/bin/make -f CMakeFiles/cmTC_b4655.dir/build.make CMakeFiles/cmTC_b4655.dir/build
make[4]: Entering directory '/home/gao/Documents/open-SURFEX/build/NetCDF_Fortran-prefix/src/NetCDF_Fortran-build/CMakeFiles/CMakeTmp'
Building C object CMakeFiles/cmTC_b4655.dir/CheckFunctionExists.c.o
/usr/bin/cc  -isystem /home/gao/Documents/open-SURFEX/build/auxiliary/include  -fPIC -g -Wall -Wno-unused-variable -Wno-unused-parameter -O2 -DCHECK_FUNCTION_EXISTS=nc_def_opaque   -o CMakeFiles/cmTC_b4655.dir/CheckFunctionExists.c.o   -c /usr/local/share/cmake-3.11/Modules/CheckFunctionExists.c
Linking C executable cmTC_b4655
/usr/local/bin/cmake -E cmake_link_script CMakeFiles/cmTC_b4655.dir/link.txt --verbose=1
/usr/bin/cc  -fPIC -g -Wall -Wno-unused-variable -Wno-unused-parameter -O2 -DCHECK_FUNCTION_EXISTS=nc_def_opaque    -rdynamic CMakeFiles/cmTC_b4655.dir/CheckFunctionExists.c.o  -o cmTC_b4655 -Wl,-rpath,/home/gao/Documents/open-SURFEX/build/auxiliary/lib /home/gao/Documents/open-SURFEX/build/auxiliary/lib/libnetcdf.so.11.4.0 /home/gao/Documents/open-SURFEX/build/auxiliary/lib/libhdf5_hl.so /home/gao/Documents/open-SURFEX/build/auxiliary/lib/libhdf5.so /usr/lib/x86_64-linux-gnu/libdl.so -lm /usr/lib/x86_64-linux-gnu/libz.so 
make[4]: Leaving directory '/home/gao/Documents/open-SURFEX/build/NetCDF_Fortran-prefix/src/NetCDF_Fortran-build/CMakeFiles/CMakeTmp'
make[3]: Leaving directory '/home/gao/Documents/open-SURFEX/build/NetCDF_Fortran-prefix/src/NetCDF_Fortran-build/CMakeFiles/CMakeTmp'


Determining if the function nccreate exists in the netcdf passed with the following output:
Change Dir: /home/gao/Documents/open-SURFEX/build/NetCDF_Fortran-prefix/src/NetCDF_Fortran-build/CMakeFiles/CMakeTmp

Run Build Command:"/usr/bin/make" "cmTC_52999/fast"
make[3]: Entering directory '/home/gao/Documents/open-SURFEX/build/NetCDF_Fortran-prefix/src/NetCDF_Fortran-build/CMakeFiles/CMakeTmp'
/usr/bin/make -f CMakeFiles/cmTC_52999.dir/build.make CMakeFiles/cmTC_52999.dir/build
make[4]: Entering directory '/home/gao/Documents/open-SURFEX/build/NetCDF_Fortran-prefix/src/NetCDF_Fortran-build/CMakeFiles/CMakeTmp'
Building C object CMakeFiles/cmTC_52999.dir/CheckFunctionExists.c.o
/usr/bin/cc  -isystem /home/gao/Documents/open-SURFEX/build/auxiliary/include  -fPIC -g -Wall -Wno-unused-variable -Wno-unused-parameter -O2 -DCHECK_FUNCTION_EXISTS=nccreate   -o CMakeFiles/cmTC_52999.dir/CheckFunctionExists.c.o   -c /usr/local/share/cmake-3.11/Modules/CheckFunctionExists.c
Linking C executable cmTC_52999
/usr/local/bin/cmake -E cmake_link_script CMakeFiles/cmTC_52999.dir/link.txt --verbose=1
/usr/bin/cc  -fPIC -g -Wall -Wno-unused-variable -Wno-unused-parameter -O2 -DCHECK_FUNCTION_EXISTS=nccreate    -rdynamic CMakeFiles/cmTC_52999.dir/CheckFunctionExists.c.o  -o cmTC_52999 -Wl,-rpath,/home/gao/Documents/open-SURFEX/build/auxiliary/lib /home/gao/Documents/open-SURFEX/build/auxiliary/lib/libnetcdf.so.11.4.0 /home/gao/Documents/open-SURFEX/build/auxiliary/lib/libhdf5_hl.so /home/gao/Documents/open-SURFEX/build/auxiliary/lib/libhdf5.so /usr/lib/x86_64-linux-gnu/libdl.so -lm /usr/lib/x86_64-linux-gnu/libz.so 
make[4]: Leaving directory '/home/gao/Documents/open-SURFEX/build/NetCDF_Fortran-prefix/src/NetCDF_Fortran-build/CMakeFiles/CMakeTmp'
make[3]: Leaving directory '/home/gao/Documents/open-SURFEX/build/NetCDF_Fortran-prefix/src/NetCDF_Fortran-build/CMakeFiles/CMakeTmp'


