Determining if the function nc_set_log_level exists in the netcdf failed with the following output:
Change Dir: /home/gao/Documents/open-SURFEX/build/NetCDF_Fortran-prefix/src/NetCDF_Fortran-build/CMakeFiles/CMakeTmp

Run Build Command:"/usr/bin/make" "cmTC_286cb/fast"
make[3]: Entering directory '/home/gao/Documents/open-SURFEX/build/NetCDF_Fortran-prefix/src/NetCDF_Fortran-build/CMakeFiles/CMakeTmp'
/usr/bin/make -f CMakeFiles/cmTC_286cb.dir/build.make CMakeFiles/cmTC_286cb.dir/build
make[4]: Entering directory '/home/gao/Documents/open-SURFEX/build/NetCDF_Fortran-prefix/src/NetCDF_Fortran-build/CMakeFiles/CMakeTmp'
Building C object CMakeFiles/cmTC_286cb.dir/CheckFunctionExists.c.o
/usr/bin/cc  -isystem /home/gao/Documents/open-SURFEX/build/auxiliary/include  -fPIC -g -Wall -Wno-unused-variable -Wno-unused-parameter -O2 -DCHECK_FUNCTION_EXISTS=nc_set_log_level   -o CMakeFiles/cmTC_286cb.dir/CheckFunctionExists.c.o   -c /usr/local/share/cmake-3.11/Modules/CheckFunctionExists.c
Linking C executable cmTC_286cb
/usr/local/bin/cmake -E cmake_link_script CMakeFiles/cmTC_286cb.dir/link.txt --verbose=1
/usr/bin/cc  -fPIC -g -Wall -Wno-unused-variable -Wno-unused-parameter -O2 -DCHECK_FUNCTION_EXISTS=nc_set_log_level    -rdynamic CMakeFiles/cmTC_286cb.dir/CheckFunctionExists.c.o  -o cmTC_286cb -Wl,-rpath,/home/gao/Documents/open-SURFEX/build/auxiliary/lib /home/gao/Documents/open-SURFEX/build/auxiliary/lib/libnetcdf.so.11.4.0 /home/gao/Documents/open-SURFEX/build/auxiliary/lib/libhdf5_hl.so /home/gao/Documents/open-SURFEX/build/auxiliary/lib/libhdf5.so /usr/lib/x86_64-linux-gnu/libdl.so -lm /usr/lib/x86_64-linux-gnu/libz.so 
CMakeFiles/cmTC_286cb.dir/CheckFunctionExists.c.o: In function `main':
/usr/local/share/cmake-3.11/Modules/CheckFunctionExists.c:17: undefined reference to `nc_set_log_level'
collect2: error: ld returned 1 exit status
CMakeFiles/cmTC_286cb.dir/build.make:92: recipe for target 'cmTC_286cb' failed
make[4]: *** [cmTC_286cb] Error 1
make[4]: Leaving directory '/home/gao/Documents/open-SURFEX/build/NetCDF_Fortran-prefix/src/NetCDF_Fortran-build/CMakeFiles/CMakeTmp'
Makefile:126: recipe for target 'cmTC_286cb/fast' failed
make[3]: *** [cmTC_286cb/fast] Error 2
make[3]: Leaving directory '/home/gao/Documents/open-SURFEX/build/NetCDF_Fortran-prefix/src/NetCDF_Fortran-build/CMakeFiles/CMakeTmp'


Determining if the function oc_open exists in the netcdf failed with the following output:
Change Dir: /home/gao/Documents/open-SURFEX/build/NetCDF_Fortran-prefix/src/NetCDF_Fortran-build/CMakeFiles/CMakeTmp

Run Build Command:"/usr/bin/make" "cmTC_81a90/fast"
make[3]: Entering directory '/home/gao/Documents/open-SURFEX/build/NetCDF_Fortran-prefix/src/NetCDF_Fortran-build/CMakeFiles/CMakeTmp'
/usr/bin/make -f CMakeFiles/cmTC_81a90.dir/build.make CMakeFiles/cmTC_81a90.dir/build
make[4]: Entering directory '/home/gao/Documents/open-SURFEX/build/NetCDF_Fortran-prefix/src/NetCDF_Fortran-build/CMakeFiles/CMakeTmp'
Building C object CMakeFiles/cmTC_81a90.dir/CheckFunctionExists.c.o
/usr/bin/cc  -isystem /home/gao/Documents/open-SURFEX/build/auxiliary/include  -fPIC -g -Wall -Wno-unused-variable -Wno-unused-parameter -O2 -DCHECK_FUNCTION_EXISTS=oc_open   -o CMakeFiles/cmTC_81a90.dir/CheckFunctionExists.c.o   -c /usr/local/share/cmake-3.11/Modules/CheckFunctionExists.c
Linking C executable cmTC_81a90
/usr/local/bin/cmake -E cmake_link_script CMakeFiles/cmTC_81a90.dir/link.txt --verbose=1
/usr/bin/cc  -fPIC -g -Wall -Wno-unused-variable -Wno-unused-parameter -O2 -DCHECK_FUNCTION_EXISTS=oc_open    -rdynamic CMakeFiles/cmTC_81a90.dir/CheckFunctionExists.c.o  -o cmTC_81a90 -Wl,-rpath,/home/gao/Documents/open-SURFEX/build/auxiliary/lib /home/gao/Documents/open-SURFEX/build/auxiliary/lib/libnetcdf.so.11.4.0 /home/gao/Documents/open-SURFEX/build/auxiliary/lib/libhdf5_hl.so /home/gao/Documents/open-SURFEX/build/auxiliary/lib/libhdf5.so /usr/lib/x86_64-linux-gnu/libdl.so -lm /usr/lib/x86_64-linux-gnu/libz.so 
CMakeFiles/cmTC_81a90.dir/CheckFunctionExists.c.o: In function `main':
/usr/local/share/cmake-3.11/Modules/CheckFunctionExists.c:17: undefined reference to `oc_open'
collect2: error: ld returned 1 exit status
CMakeFiles/cmTC_81a90.dir/build.make:92: recipe for target 'cmTC_81a90' failed
make[4]: *** [cmTC_81a90] Error 1
make[4]: Leaving directory '/home/gao/Documents/open-SURFEX/build/NetCDF_Fortran-prefix/src/NetCDF_Fortran-build/CMakeFiles/CMakeTmp'
Makefile:126: recipe for target 'cmTC_81a90/fast' failed
make[3]: *** [cmTC_81a90/fast] Error 2
make[3]: Leaving directory '/home/gao/Documents/open-SURFEX/build/NetCDF_Fortran-prefix/src/NetCDF_Fortran-build/CMakeFiles/CMakeTmp'


Determining if the function nc_use_parallel_enabled exists in the netcdf failed with the following output:
Change Dir: /home/gao/Documents/open-SURFEX/build/NetCDF_Fortran-prefix/src/NetCDF_Fortran-build/CMakeFiles/CMakeTmp

Run Build Command:"/usr/bin/make" "cmTC_a57e1/fast"
make[3]: Entering directory '/home/gao/Documents/open-SURFEX/build/NetCDF_Fortran-prefix/src/NetCDF_Fortran-build/CMakeFiles/CMakeTmp'
/usr/bin/make -f CMakeFiles/cmTC_a57e1.dir/build.make CMakeFiles/cmTC_a57e1.dir/build
make[4]: Entering directory '/home/gao/Documents/open-SURFEX/build/NetCDF_Fortran-prefix/src/NetCDF_Fortran-build/CMakeFiles/CMakeTmp'
Building C object CMakeFiles/cmTC_a57e1.dir/CheckFunctionExists.c.o
/usr/bin/cc  -isystem /home/gao/Documents/open-SURFEX/build/auxiliary/include  -fPIC -g -Wall -Wno-unused-variable -Wno-unused-parameter -O2 -DCHECK_FUNCTION_EXISTS=nc_use_parallel_enabled   -o CMakeFiles/cmTC_a57e1.dir/CheckFunctionExists.c.o   -c /usr/local/share/cmake-3.11/Modules/CheckFunctionExists.c
Linking C executable cmTC_a57e1
/usr/local/bin/cmake -E cmake_link_script CMakeFiles/cmTC_a57e1.dir/link.txt --verbose=1
/usr/bin/cc  -fPIC -g -Wall -Wno-unused-variable -Wno-unused-parameter -O2 -DCHECK_FUNCTION_EXISTS=nc_use_parallel_enabled    -rdynamic CMakeFiles/cmTC_a57e1.dir/CheckFunctionExists.c.o  -o cmTC_a57e1 -Wl,-rpath,/home/gao/Documents/open-SURFEX/build/auxiliary/lib /home/gao/Documents/open-SURFEX/build/auxiliary/lib/libnetcdf.so.11.4.0 /home/gao/Documents/open-SURFEX/build/auxiliary/lib/libhdf5_hl.so /home/gao/Documents/open-SURFEX/build/auxiliary/lib/libhdf5.so /usr/lib/x86_64-linux-gnu/libdl.so -lm /usr/lib/x86_64-linux-gnu/libz.so 
CMakeFiles/cmTC_a57e1.dir/CheckFunctionExists.c.o: In function `main':
/usr/local/share/cmake-3.11/Modules/CheckFunctionExists.c:17: undefined reference to `nc_use_parallel_enabled'
collect2: error: ld returned 1 exit status
CMakeFiles/cmTC_a57e1.dir/build.make:92: recipe for target 'cmTC_a57e1' failed
make[4]: *** [cmTC_a57e1] Error 1
make[4]: Leaving directory '/home/gao/Documents/open-SURFEX/build/NetCDF_Fortran-prefix/src/NetCDF_Fortran-build/CMakeFiles/CMakeTmp'
Makefile:126: recipe for target 'cmTC_a57e1/fast' failed
make[3]: *** [cmTC_a57e1/fast] Error 2
make[3]: Leaving directory '/home/gao/Documents/open-SURFEX/build/NetCDF_Fortran-prefix/src/NetCDF_Fortran-build/CMakeFiles/CMakeTmp'


